2026-03-12 16:55:24,682 - aqt.main - INFO - installer 34852 aqtinstall(aqt) v3.3.0 on Python 3.12.9 [CPython MSC v.1942 64 bit (AMD64)]
2026-03-12 16:55:24,682 - aqt.helper - DEBUG - helper 34852 Attempt to download checksum at https://download.qt.io/online/qtsdkrepository/windows_x86/desktop/qt6_6102/qt6_6102/Updates.xml.sha256
2026-03-12 16:55:26,614 - aqt.helper - DEBUG - helper 34852 Attempt to download checksum at https://download.qt.io/online/qtsdkrepository/windows_x86/extensions/qtwebengine/6102/msvc2022_64/Updates.xml.sha256
2026-03-12 16:55:28,147 - aqt.archives - INFO - archives 34852 Found extension qtwebengine
2026-03-12 16:55:28,147 - aqt.helper - DEBUG - helper 34852 Attempt to download checksum at https://download.qt.io/online/qtsdkrepository/windows_x86/extensions/qtpdf/6102/msvc2022_64/Updates.xml.sha256
2026-03-12 16:55:29,766 - aqt.archives - INFO - archives 34852 Found extension qtpdf
2026-03-12 16:55:30,340 - aqt.helper - DEBUG - helper 34408 Attempt to download checksum at https://download.qt.io/online/qtsdkrepository/windows_x86/desktop/qt6_6102/qt6_6102/qt.qt6.6102.win64_msvc2022_64/6.10.2-0-202601261212qtbase-Windows-Windows_11_24H2-MSVC2022-Windows-Windows_11_24H2-X86_64.7z.sha256
2026-03-12 16:55:30,344 - aqt.helper - DEBUG - helper 44796 Attempt to download checksum at https://download.qt.io/online/qtsdkrepository/windows_x86/desktop/qt6_6102/qt6_6102/qt.qt6.6102.win64_msvc2022_64/6.10.2-0-202601261212qtsvg-Windows-Windows_11_24H2-MSVC2022-Windows-Windows_11_24H2-X86_64.7z.sha256
2026-03-12 16:55:30,347 - aqt.helper - DEBUG - helper 46368 Attempt to download checksum at https://download.qt.io/online/qtsdkrepository/windows_x86/desktop/qt6_6102/qt6_6102/qt.qt6.6102.win64_msvc2022_64/6.10.2-0-202601261212qtdeclarative-Windows-Windows_11_24H2-MSVC2022-Windows-Windows_11_24H2-X86_64.7z.sha256
2026-03-12 16:55:30,359 - aqt.helper - DEBUG - helper 40164 Attempt to download checksum at https://download.qt.io/online/qtsdkrepository/windows_x86/desktop/qt6_6102/qt6_6102/qt.qt6.6102.win64_msvc2022_64/6.10.2-0-202601261212qttools-Windows-Windows_11_24H2-MSVC2022-Windows-Windows_11_24H2-X86_64.7z.sha256
2026-03-12 16:55:31,359 - aqt.helper - INFO - helper 46368 Downloading qtdeclarative...
2026-03-12 16:55:31,362 - aqt.helper - INFO - helper 34408 Downloading qtbase...
2026-03-12 16:55:31,359 - aqt.installer - DEBUG - installer 46368 Download URL: https://download.qt.io/online/qtsdkrepository/windows_x86/desktop/qt6_6102/qt6_6102/qt.qt6.6102.win64_msvc2022_64/6.10.2-0-202601261212qtdeclarative-Windows-Windows_11_24H2-MSVC2022-Windows-Windows_11_24H2-X86_64.7z
2026-03-12 16:55:31,362 - aqt.installer - DEBUG - installer 34408 Download URL: https://download.qt.io/online/qtsdkrepository/windows_x86/desktop/qt6_6102/qt6_6102/qt.qt6.6102.win64_msvc2022_64/6.10.2-0-202601261212qtbase-Windows-Windows_11_24H2-MSVC2022-Windows-Windows_11_24H2-X86_64.7z
2026-03-12 16:55:31,374 - aqt.helper - INFO - helper 40164 Downloading qttools...
2026-03-12 16:55:31,375 - aqt.installer - DEBUG - installer 40164 Download URL: https://download.qt.io/online/qtsdkrepository/windows_x86/desktop/qt6_6102/qt6_6102/qt.qt6.6102.win64_msvc2022_64/6.10.2-0-202601261212qttools-Windows-Windows_11_24H2-MSVC2022-Windows-Windows_11_24H2-X86_64.7z
2026-03-12 16:55:31,385 - aqt.helper - INFO - helper 44796 Downloading qtsvg...
2026-03-12 16:55:31,385 - aqt.installer - DEBUG - installer 44796 Download URL: https://download.qt.io/online/qtsdkrepository/windows_x86/desktop/qt6_6102/qt6_6102/qt.qt6.6102.win64_msvc2022_64/6.10.2-0-202601261212qtsvg-Windows-Windows_11_24H2-MSVC2022-Windows-Windows_11_24H2-X86_64.7z
2026-03-12 16:55:32,311 - aqt.helper - DEBUG - helper 46368 Asked to redirect(302) to: https://qt.mirror.constant.com/online/qtsdkrepository/windows_x86/desktop/qt6_6102/qt6_6102/qt.qt6.6102.win64_msvc2022_64/6.10.2-0-202601261212qtdeclarative-Windows-Windows_11_24H2-MSVC2022-Windows-Windows_11_24H2-X86_64.7z
2026-03-12 16:55:32,311 - aqt.helper - INFO - helper 46368 Redirected: qt.mirror.constant.com
2026-03-12 16:55:32,319 - aqt.helper - DEBUG - helper 44796 Asked to redirect(302) to: https://qt.mirror.constant.com/online/qtsdkrepository/windows_x86/desktop/qt6_6102/qt6_6102/qt.qt6.6102.win64_msvc2022_64/6.10.2-0-202601261212qtsvg-Windows-Windows_11_24H2-MSVC2022-Windows-Windows_11_24H2-X86_64.7z
2026-03-12 16:55:32,319 - aqt.helper - INFO - helper 44796 Redirected: qt.mirror.constant.com
2026-03-12 16:55:32,325 - aqt.helper - DEBUG - helper 40164 Asked to redirect(302) to: https://qt.mirror.constant.com/online/qtsdkrepository/windows_x86/desktop/qt6_6102/qt6_6102/qt.qt6.6102.win64_msvc2022_64/6.10.2-0-202601261212qttools-Windows-Windows_11_24H2-MSVC2022-Windows-Windows_11_24H2-X86_64.7z
2026-03-12 16:55:32,326 - aqt.helper - INFO - helper 40164 Redirected: qt.mirror.constant.com
2026-03-12 16:55:32,346 - aqt.helper - DEBUG - helper 34408 Asked to redirect(302) to: https://qt.mirror.constant.com/online/qtsdkrepository/windows_x86/desktop/qt6_6102/qt6_6102/qt.qt6.6102.win64_msvc2022_64/6.10.2-0-202601261212qtbase-Windows-Windows_11_24H2-MSVC2022-Windows-Windows_11_24H2-X86_64.7z
2026-03-12 16:55:32,346 - aqt.helper - INFO - helper 34408 Redirected: qt.mirror.constant.com
2026-03-12 16:55:33,397 - aqt.installer - INFO - installer 44796 Finished installation of qtsvg-Windows-Windows_11_24H2-MSVC2022-Windows-Windows_11_24H2-X86_64.7z in 3.05435560
2026-03-12 16:55:33,406 - aqt.helper - DEBUG - helper 44796 Attempt to download checksum at https://download.qt.io/online/qtsdkrepository/windows_x86/desktop/qt6_6102/qt6_6102/qt.qt6.6102.win64_msvc2022_64/6.10.2-0-202601261212qttranslations-Windows-Windows_11_24H2-MSVC2022-Windows-Windows_11_24H2-X86_64.7z.sha256
2026-03-12 16:55:34,622 - aqt.helper - INFO - helper 44796 Downloading qttranslations...
2026-03-12 16:55:34,623 - aqt.installer - DEBUG - installer 44796 Download URL: https://download.qt.io/online/qtsdkrepository/windows_x86/desktop/qt6_6102/qt6_6102/qt.qt6.6102.win64_msvc2022_64/6.10.2-0-202601261212qttranslations-Windows-Windows_11_24H2-MSVC2022-Windows-Windows_11_24H2-X86_64.7z
2026-03-12 16:55:35,764 - aqt.helper - DEBUG - helper 44796 Asked to redirect(302) to: https://qt.mirror.constant.com/online/qtsdkrepository/windows_x86/desktop/qt6_6102/qt6_6102/qt.qt6.6102.win64_msvc2022_64/6.10.2-0-202601261212qttranslations-Windows-Windows_11_24H2-MSVC2022-Windows-Windows_11_24H2-X86_64.7z
2026-03-12 16:55:35,764 - aqt.helper - INFO - helper 44796 Redirected: qt.mirror.constant.com
2026-03-12 16:55:39,578 - aqt.installer - INFO - installer 44796 Finished installation of qttranslations-Windows-Windows_11_24H2-MSVC2022-Windows-Windows_11_24H2-X86_64.7z in 6.17175960
2026-03-12 16:55:39,589 - aqt.helper - DEBUG - helper 44796 Attempt to download checksum at https://download.qt.io/online/qtsdkrepository/windows_x86/desktop/qt6_6102/qt6_6102/qt.qt6.6102.win64_msvc2022_64/6.10.2-0-202601261212d3dcompiler_47-x64.7z.sha256
2026-03-12 16:55:40,064 - aqt.installer - INFO - installer 40164 Finished installation of qttools-Windows-Windows_11_24H2-MSVC2022-Windows-Windows_11_24H2-X86_64.7z in 9.70660620
2026-03-12 16:55:40,077 - aqt.helper - DEBUG - helper 40164 Attempt to download checksum at https://download.qt.io/online/qtsdkrepository/windows_x86/desktop/qt6_6102/qt6_6102/qt.qt6.6102.win64_msvc2022_64/6.10.2-0-202601261212opengl32sw-64-mesa_11_2_2-signed_sha256.7z.sha256
2026-03-12 16:55:40,914 - aqt.helper - INFO - helper 44796 Downloading d3dcompiler_47...
2026-03-12 16:55:40,914 - aqt.installer - DEBUG - installer 44796 Download URL: https://download.qt.io/online/qtsdkrepository/windows_x86/desktop/qt6_6102/qt6_6102/qt.qt6.6102.win64_msvc2022_64/6.10.2-0-202601261212d3dcompiler_47-x64.7z
2026-03-12 16:55:41,196 - aqt.helper - INFO - helper 40164 Downloading opengl32sw...
2026-03-12 16:55:41,196 - aqt.installer - DEBUG - installer 40164 Download URL: https://download.qt.io/online/qtsdkrepository/windows_x86/desktop/qt6_6102/qt6_6102/qt.qt6.6102.win64_msvc2022_64/6.10.2-0-202601261212opengl32sw-64-mesa_11_2_2-signed_sha256.7z
2026-03-12 16:55:42,022 - aqt.helper - DEBUG - helper 44796 Asked to redirect(302) to: https://qt.mirror.constant.com/online/qtsdkrepository/windows_x86/desktop/qt6_6102/qt6_6102/qt.qt6.6102.win64_msvc2022_64/6.10.2-0-202601261212d3dcompiler_47-x64.7z
2026-03-12 16:55:42,022 - aqt.helper - INFO - helper 44796 Redirected: qt.mirror.constant.com
2026-03-12 16:55:42,315 - aqt.helper - DEBUG - helper 40164 Asked to redirect(302) to: https://qt.mirror.constant.com/online/qtsdkrepository/windows_x86/desktop/qt6_6102/qt6_6102/qt.qt6.6102.win64_msvc2022_64/6.10.2-0-202601261212opengl32sw-64-mesa_11_2_2-signed_sha256.7z
2026-03-12 16:55:42,315 - aqt.helper - INFO - helper 40164 Redirected: qt.mirror.constant.com
2026-03-12 16:55:43,836 - aqt.installer - INFO - installer 44796 Finished installation of d3dcompiler_47-x64.7z in 4.24646450
2026-03-12 16:55:46,209 - aqt.installer - INFO - installer 40164 Finished installation of opengl32sw-64-mesa_11_2_2-signed_sha256.7z in 6.13353390
2026-03-12 16:55:54,763 - aqt.installer - INFO - installer 34408 Finished installation of qtbase-Windows-Windows_11_24H2-MSVC2022-Windows-Windows_11_24H2-X86_64.7z in 24.42572150
2026-03-12 16:56:11,239 - aqt.installer - INFO - installer 46368 Finished installation of qtdeclarative-Windows-Windows_11_24H2-MSVC2022-Windows-Windows_11_24H2-X86_64.7z in 40.89607120
2026-03-12 16:56:11,627 - aqt.updater - INFO - updater 34852 Patching c:\qt\6.10.2\msvc2022_64\bin\qmake.exe
2026-03-12 16:56:11,635 - aqt.updater - INFO - updater 34852 Patching c:\qt\6.10.2\msvc2022_64\lib\Qt6Concurrent.prl
2026-03-12 16:56:11,638 - aqt.updater - INFO - updater 34852 Patching c:\qt\6.10.2\msvc2022_64\lib\Qt6Concurrentd.prl
2026-03-12 16:56:11,647 - aqt.updater - INFO - updater 34852 Patching c:\qt\6.10.2\msvc2022_64\lib\Qt6Core.prl
2026-03-12 16:56:11,651 - aqt.updater - INFO - updater 34852 Patching c:\qt\6.10.2\msvc2022_64\lib\Qt6Cored.prl
2026-03-12 16:56:11,659 - aqt.updater - INFO - updater 34852 Patching c:\qt\6.10.2\msvc2022_64\lib\Qt6DBus.prl
2026-03-12 16:56:11,668 - aqt.updater - INFO - updater 34852 Patching c:\qt\6.10.2\msvc2022_64\lib\Qt6DBusd.prl
2026-03-12 16:56:11,676 - aqt.updater - INFO - updater 34852 Patching c:\qt\6.10.2\msvc2022_64\lib\Qt6Designer.prl
2026-03-12 16:56:11,680 - aqt.updater - INFO - updater 34852 Patching c:\qt\6.10.2\msvc2022_64\lib\Qt6DesignerComponents.prl
2026-03-12 16:56:11,688 - aqt.updater - INFO - updater 34852 Patching c:\qt\6.10.2\msvc2022_64\lib\Qt6DesignerComponentsd.prl
2026-03-12 16:56:11,697 - aqt.updater - INFO - updater 34852 Patching c:\qt\6.10.2\msvc2022_64\lib\Qt6Designerd.prl
2026-03-12 16:56:11,705 - aqt.updater - INFO - updater 34852 Patching c:\qt\6.10.2\msvc2022_64\lib\Qt6DeviceDiscoverySupport.prl
2026-03-12 16:56:11,709 - aqt.updater - INFO - updater 34852 Patching c:\qt\6.10.2\msvc2022_64\lib\Qt6DeviceDiscoverySupportd.prl
2026-03-12 16:56:11,717 - aqt.updater - INFO - updater 34852 Patching c:\qt\6.10.2\msvc2022_64\lib\Qt6EntryPoint.prl
2026-03-12 16:56:11,721 - aqt.updater - INFO - updater 34852 Patching c:\qt\6.10.2\msvc2022_64\lib\Qt6EntryPointd.prl
2026-03-12 16:56:11,729 - aqt.updater - INFO - updater 34852 Patching c:\qt\6.10.2\msvc2022_64\lib\Qt6ExampleIcons.prl
2026-03-12 16:56:11,736 - aqt.updater - INFO - updater 34852 Patching c:\qt\6.10.2\msvc2022_64\lib\Qt6ExampleIconsd.prl
2026-03-12 16:56:11,738 - aqt.updater - INFO - updater 34852 Patching c:\qt\6.10.2\msvc2022_64\lib\Qt6ExamplesAssetDownloader.prl
2026-03-12 16:56:11,747 - aqt.updater - INFO - updater 34852 Patching c:\qt\6.10.2\msvc2022_64\lib\Qt6ExamplesAssetDownloaderd.prl
2026-03-12 16:56:11,754 - aqt.updater - INFO - updater 34852 Patching c:\qt\6.10.2\msvc2022_64\lib\Qt6FbSupport.prl
2026-03-12 16:56:11,759 - aqt.updater - INFO - updater 34852 Patching c:\qt\6.10.2\msvc2022_64\lib\Qt6FbSupportd.prl
2026-03-12 16:56:11,768 - aqt.updater - INFO - updater 34852 Patching c:\qt\6.10.2\msvc2022_64\lib\Qt6Gui.prl
2026-03-12 16:56:11,773 - aqt.updater - INFO - updater 34852 Patching c:\qt\6.10.2\msvc2022_64\lib\Qt6Guid.prl
2026-03-12 16:56:11,782 - aqt.updater - INFO - updater 34852 Patching c:\qt\6.10.2\msvc2022_64\lib\Qt6Help.prl
2026-03-12 16:56:11,788 - aqt.updater - INFO - updater 34852 Patching c:\qt\6.10.2\msvc2022_64\lib\Qt6Helpd.prl
2026-03-12 16:56:11,795 - aqt.updater - INFO - updater 34852 Patching c:\qt\6.10.2\msvc2022_64\lib\Qt6LabsAnimation.prl
2026-03-12 16:56:11,801 - aqt.updater - INFO - updater 34852 Patching c:\qt\6.10.2\msvc2022_64\lib\Qt6LabsAnimationd.prl
2026-03-12 16:56:11,808 - aqt.updater - INFO - updater 34852 Patching c:\qt\6.10.2\msvc2022_64\lib\Qt6LabsFolderListModel.prl
2026-03-12 16:56:11,815 - aqt.updater - INFO - updater 34852 Patching c:\qt\6.10.2\msvc2022_64\lib\Qt6LabsFolderListModeld.prl
2026-03-12 16:56:11,821 - aqt.updater - INFO - updater 34852 Patching c:\qt\6.10.2\msvc2022_64\lib\Qt6LabsPlatform.prl
2026-03-12 16:56:11,827 - aqt.updater - INFO - updater 34852 Patching c:\qt\6.10.2\msvc2022_64\lib\Qt6LabsPlatformd.prl
2026-03-12 16:56:11,838 - aqt.updater - INFO - updater 34852 Patching c:\qt\6.10.2\msvc2022_64\lib\Qt6LabsQmlModels.prl
2026-03-12 16:56:11,852 - aqt.updater - INFO - updater 34852 Patching c:\qt\6.10.2\msvc2022_64\lib\Qt6LabsQmlModelsd.prl
2026-03-12 16:56:11,863 - aqt.updater - INFO - updater 34852 Patching c:\qt\6.10.2\msvc2022_64\lib\Qt6LabsSettings.prl
2026-03-12 16:56:11,875 - aqt.updater - INFO - updater 34852 Patching c:\qt\6.10.2\msvc2022_64\lib\Qt6LabsSettingsd.prl
2026-03-12 16:56:11,889 - aqt.updater - INFO - updater 34852 Patching c:\qt\6.10.2\msvc2022_64\lib\Qt6LabsSharedImage.prl
2026-03-12 16:56:11,902 - aqt.updater - INFO - updater 34852 Patching c:\qt\6.10.2\msvc2022_64\lib\Qt6LabsSharedImaged.prl
2026-03-12 16:56:11,914 - aqt.updater - INFO - updater 34852 Patching c:\qt\6.10.2\msvc2022_64\lib\Qt6LabsSynchronizer.prl
2026-03-12 16:56:11,927 - aqt.updater - INFO - updater 34852 Patching c:\qt\6.10.2\msvc2022_64\lib\Qt6LabsSynchronizerd.prl
2026-03-12 16:56:11,938 - aqt.updater - INFO - updater 34852 Patching c:\qt\6.10.2\msvc2022_64\lib\Qt6LabsWavefrontMesh.prl
2026-03-12 16:56:11,951 - aqt.updater - INFO - updater 34852 Patching c:\qt\6.10.2\msvc2022_64\lib\Qt6LabsWavefrontMeshd.prl
2026-03-12 16:56:11,964 - aqt.updater - INFO - updater 34852 Patching c:\qt\6.10.2\msvc2022_64\lib\Qt6Network.prl
2026-03-12 16:56:11,975 - aqt.updater - INFO - updater 34852 Patching c:\qt\6.10.2\msvc2022_64\lib\Qt6Networkd.prl
2026-03-12 16:56:11,989 - aqt.updater - INFO - updater 34852 Patching c:\qt\6.10.2\msvc2022_64\lib\Qt6OpenGL.prl
2026-03-12 16:56:12,001 - aqt.updater - INFO - updater 34852 Patching c:\qt\6.10.2\msvc2022_64\lib\Qt6OpenGLd.prl
2026-03-12 16:56:12,014 - aqt.updater - INFO - updater 34852 Patching c:\qt\6.10.2\msvc2022_64\lib\Qt6OpenGLWidgets.prl
2026-03-12 16:56:12,025 - aqt.updater - INFO - updater 34852 Patching c:\qt\6.10.2\msvc2022_64\lib\Qt6OpenGLWidgetsd.prl
2026-03-12 16:56:12,036 - aqt.updater - INFO - updater 34852 Patching c:\qt\6.10.2\msvc2022_64\lib\Qt6PacketProtocol.prl
2026-03-12 16:56:12,048 - aqt.updater - INFO - updater 34852 Patching c:\qt\6.10.2\msvc2022_64\lib\Qt6PacketProtocold.prl
2026-03-12 16:56:12,063 - aqt.updater - INFO - updater 34852 Patching c:\qt\6.10.2\msvc2022_64\lib\Qt6PrintSupport.prl
2026-03-12 16:56:12,077 - aqt.updater - INFO - updater 34852 Patching c:\qt\6.10.2\msvc2022_64\lib\Qt6PrintSupportd.prl
2026-03-12 16:56:12,088 - aqt.updater - INFO - updater 34852 Patching c:\qt\6.10.2\msvc2022_64\lib\Qt6Qml.prl
2026-03-12 16:56:12,101 - aqt.updater - INFO - updater 34852 Patching c:\qt\6.10.2\msvc2022_64\lib\Qt6QmlAssetDownloader.prl
2026-03-12 16:56:12,114 - aqt.updater - INFO - updater 34852 Patching c:\qt\6.10.2\msvc2022_64\lib\Qt6QmlAssetDownloaderd.prl
2026-03-12 16:56:12,127 - aqt.updater - INFO - updater 34852 Patching c:\qt\6.10.2\msvc2022_64\lib\Qt6QmlCompiler.prl
2026-03-12 16:56:12,140 - aqt.updater - INFO - updater 34852 Patching c:\qt\6.10.2\msvc2022_64\lib\Qt6QmlCompilerd.prl
2026-03-12 16:56:12,151 - aqt.updater - INFO - updater 34852 Patching c:\qt\6.10.2\msvc2022_64\lib\Qt6QmlCore.prl
2026-03-12 16:56:12,168 - aqt.updater - INFO - updater 34852 Patching c:\qt\6.10.2\msvc2022_64\lib\Qt6QmlCored.prl
2026-03-12 16:56:12,196 - aqt.updater - INFO - updater 34852 Patching c:\qt\6.10.2\msvc2022_64\lib\Qt6Qmld.prl
2026-03-12 16:56:12,222 - aqt.updater - INFO - updater 34852 Patching c:\qt\6.10.2\msvc2022_64\lib\Qt6QmlDebug.prl
2026-03-12 16:56:12,242 - aqt.updater - INFO - updater 34852 Patching c:\qt\6.10.2\msvc2022_64\lib\Qt6QmlDebugd.prl
2026-03-12 16:56:12,254 - aqt.updater - INFO - updater 34852 Patching c:\qt\6.10.2\msvc2022_64\lib\Qt6QmlDom.prl
2026-03-12 16:56:12,264 - aqt.updater - INFO - updater 34852 Patching c:\qt\6.10.2\msvc2022_64\lib\Qt6QmlDomd.prl
2026-03-12 16:56:12,275 - aqt.updater - INFO - updater 34852 Patching c:\qt\6.10.2\msvc2022_64\lib\Qt6QmlFormat.prl
2026-03-12 16:56:12,285 - aqt.updater - INFO - updater 34852 Patching c:\qt\6.10.2\msvc2022_64\lib\Qt6QmlFormatd.prl
2026-03-12 16:56:12,298 - aqt.updater - INFO - updater 34852 Patching c:\qt\6.10.2\msvc2022_64\lib\Qt6QmlLocalStorage.prl
2026-03-12 16:56:12,310 - aqt.updater - INFO - updater 34852 Patching c:\qt\6.10.2\msvc2022_64\lib\Qt6QmlLocalStoraged.prl
2026-03-12 16:56:12,321 - aqt.updater - INFO - updater 34852 Patching c:\qt\6.10.2\msvc2022_64\lib\Qt6QmlLS.prl
2026-03-12 16:56:12,335 - aqt.updater - INFO - updater 34852 Patching c:\qt\6.10.2\msvc2022_64\lib\Qt6QmlLSd.prl
2026-03-12 16:56:12,348 - aqt.updater - INFO - updater 34852 Patching c:\qt\6.10.2\msvc2022_64\lib\Qt6QmlMeta.prl
2026-03-12 16:56:12,364 - aqt.updater - INFO - updater 34852 Patching c:\qt\6.10.2\msvc2022_64\lib\Qt6QmlMetad.prl
2026-03-12 16:56:12,373 - aqt.updater - INFO - updater 34852 Patching c:\qt\6.10.2\msvc2022_64\lib\Qt6QmlModels.prl
2026-03-12 16:56:12,385 - aqt.updater - INFO - updater 34852 Patching c:\qt\6.10.2\msvc2022_64\lib\Qt6QmlModelsd.prl
2026-03-12 16:56:12,395 - aqt.updater - INFO - updater 34852 Patching c:\qt\6.10.2\msvc2022_64\lib\Qt6QmlNetwork.prl
2026-03-12 16:56:12,407 - aqt.updater - INFO - updater 34852 Patching c:\qt\6.10.2\msvc2022_64\lib\Qt6QmlNetworkd.prl
2026-03-12 16:56:12,418 - aqt.updater - INFO - updater 34852 Patching c:\qt\6.10.2\msvc2022_64\lib\Qt6QmlToolingSettings.prl
2026-03-12 16:56:12,430 - aqt.updater - INFO - updater 34852 Patching c:\qt\6.10.2\msvc2022_64\lib\Qt6QmlToolingSettingsd.prl
2026-03-12 16:56:12,438 - aqt.updater - INFO - updater 34852 Patching c:\qt\6.10.2\msvc2022_64\lib\Qt6QmlTypeRegistrar.prl
2026-03-12 16:56:12,447 - aqt.updater - INFO - updater 34852 Patching c:\qt\6.10.2\msvc2022_64\lib\Qt6QmlTypeRegistrard.prl
2026-03-12 16:56:12,463 - aqt.updater - INFO - updater 34852 Patching c:\qt\6.10.2\msvc2022_64\lib\Qt6QmlWorkerScript.prl
2026-03-12 16:56:12,476 - aqt.updater - INFO - updater 34852 Patching c:\qt\6.10.2\msvc2022_64\lib\Qt6QmlWorkerScriptd.prl
2026-03-12 16:56:12,489 - aqt.updater - INFO - updater 34852 Patching c:\qt\6.10.2\msvc2022_64\lib\Qt6QmlXmlListModel.prl
2026-03-12 16:56:12,500 - aqt.updater - INFO - updater 34852 Patching c:\qt\6.10.2\msvc2022_64\lib\Qt6QmlXmlListModeld.prl
2026-03-12 16:56:12,510 - aqt.updater - INFO - updater 34852 Patching c:\qt\6.10.2\msvc2022_64\lib\Qt6Quick.prl
2026-03-12 16:56:12,523 - aqt.updater - INFO - updater 34852 Patching c:\qt\6.10.2\msvc2022_64\lib\Qt6QuickControls2.prl
2026-03-12 16:56:12,534 - aqt.updater - INFO - updater 34852 Patching c:\qt\6.10.2\msvc2022_64\lib\Qt6QuickControls2Basic.prl
2026-03-12 16:56:12,547 - aqt.updater - INFO - updater 34852 Patching c:\qt\6.10.2\msvc2022_64\lib\Qt6QuickControls2Basicd.prl
2026-03-12 16:56:12,560 - aqt.updater - INFO - updater 34852 Patching c:\qt\6.10.2\msvc2022_64\lib\Qt6QuickControls2BasicStyleImpl.prl
2026-03-12 16:56:12,575 - aqt.updater - INFO - updater 34852 Patching c:\qt\6.10.2\msvc2022_64\lib\Qt6QuickControls2BasicStyleImpld.prl
2026-03-12 16:56:12,587 - aqt.updater - INFO - updater 34852 Patching c:\qt\6.10.2\msvc2022_64\lib\Qt6QuickControls2d.prl
2026-03-12 16:56:12,597 - aqt.updater - INFO - updater 34852 Patching c:\qt\6.10.2\msvc2022_64\lib\Qt6QuickControls2FluentWinUI3StyleImpl.prl
2026-03-12 16:56:12,613 - aqt.updater - INFO - updater 34852 Patching c:\qt\6.10.2\msvc2022_64\lib\Qt6QuickControls2FluentWinUI3StyleImpld.prl
2026-03-12 16:56:12,626 - aqt.updater - INFO - updater 34852 Patching c:\qt\6.10.2\msvc2022_64\lib\Qt6QuickControls2Fusion.prl
2026-03-12 16:56:12,638 - aqt.updater - INFO - updater 34852 Patching c:\qt\6.10.2\msvc2022_64\lib\Qt6QuickControls2Fusiond.prl
2026-03-12 16:56:12,647 - aqt.updater - INFO - updater 34852 Patching c:\qt\6.10.2\msvc2022_64\lib\Qt6QuickControls2FusionStyleImpl.prl
2026-03-12 16:56:12,663 - aqt.updater - INFO - updater 34852 Patching c:\qt\6.10.2\msvc2022_64\lib\Qt6QuickControls2FusionStyleImpld.prl
2026-03-12 16:56:12,675 - aqt.updater - INFO - updater 34852 Patching c:\qt\6.10.2\msvc2022_64\lib\Qt6QuickControls2Imagine.prl
2026-03-12 16:56:12,689 - aqt.updater - INFO - updater 34852 Patching c:\qt\6.10.2\msvc2022_64\lib\Qt6QuickControls2Imagined.prl
2026-03-12 16:56:12,701 - aqt.updater - INFO - updater 34852 Patching c:\qt\6.10.2\msvc2022_64\lib\Qt6QuickControls2ImagineStyleImpl.prl
2026-03-12 16:56:12,714 - aqt.updater - INFO - updater 34852 Patching c:\qt\6.10.2\msvc2022_64\lib\Qt6QuickControls2ImagineStyleImpld.prl
2026-03-12 16:56:12,727 - aqt.updater - INFO - updater 34852 Patching c:\qt\6.10.2\msvc2022_64\lib\Qt6QuickControls2Impl.prl
2026-03-12 16:56:12,738 - aqt.updater - INFO - updater 34852 Patching c:\qt\6.10.2\msvc2022_64\lib\Qt6QuickControls2Impld.prl
2026-03-12 16:56:12,751 - aqt.updater - INFO - updater 34852 Patching c:\qt\6.10.2\msvc2022_64\lib\Qt6QuickControls2Material.prl
2026-03-12 16:56:12,760 - aqt.updater - INFO - updater 34852 Patching c:\qt\6.10.2\msvc2022_64\lib\Qt6QuickControls2Materiald.prl
2026-03-12 16:56:12,777 - aqt.updater - INFO - updater 34852 Patching c:\qt\6.10.2\msvc2022_64\lib\Qt6QuickControls2MaterialStyleImpl.prl
2026-03-12 16:56:12,789 - aqt.updater - INFO - updater 34852 Patching c:\qt\6.10.2\msvc2022_64\lib\Qt6QuickControls2MaterialStyleImpld.prl
2026-03-12 16:56:12,801 - aqt.updater - INFO - updater 34852 Patching c:\qt\6.10.2\msvc2022_64\lib\Qt6QuickControls2Universal.prl
2026-03-12 16:56:12,814 - aqt.updater - INFO - updater 34852 Patching c:\qt\6.10.2\msvc2022_64\lib\Qt6QuickControls2Universald.prl
2026-03-12 16:56:12,825 - aqt.updater - INFO - updater 34852 Patching c:\qt\6.10.2\msvc2022_64\lib\Qt6QuickControls2UniversalStyleImpl.prl
2026-03-12 16:56:12,836 - aqt.updater - INFO - updater 34852 Patching c:\qt\6.10.2\msvc2022_64\lib\Qt6QuickControls2UniversalStyleImpld.prl
2026-03-12 16:56:12,847 - aqt.updater - INFO - updater 34852 Patching c:\qt\6.10.2\msvc2022_64\lib\Qt6QuickControls2WindowsStyleImpl.prl
2026-03-12 16:56:12,859 - aqt.updater - INFO - updater 34852 Patching c:\qt\6.10.2\msvc2022_64\lib\Qt6QuickControls2WindowsStyleImpld.prl
2026-03-12 16:56:12,871 - aqt.updater - INFO - updater 34852 Patching c:\qt\6.10.2\msvc2022_64\lib\Qt6QuickControlsTestUtils.prl
2026-03-12 16:56:12,887 - aqt.updater - INFO - updater 34852 Patching c:\qt\6.10.2\msvc2022_64\lib\Qt6QuickControlsTestUtilsd.prl
2026-03-12 16:56:12,902 - aqt.updater - INFO - updater 34852 Patching c:\qt\6.10.2\msvc2022_64\lib\Qt6Quickd.prl
2026-03-12 16:56:12,918 - aqt.updater - INFO - updater 34852 Patching c:\qt\6.10.2\msvc2022_64\lib\Qt6QuickDialogs2.prl
2026-03-12 16:56:12,930 - aqt.updater - INFO - updater 34852 Patching c:\qt\6.10.2\msvc2022_64\lib\Qt6QuickDialogs2d.prl
2026-03-12 16:56:12,942 - aqt.updater - INFO - updater 34852 Patching c:\qt\6.10.2\msvc2022_64\lib\Qt6QuickDialogs2QuickImpl.prl
2026-03-12 16:56:12,955 - aqt.updater - INFO - updater 34852 Patching c:\qt\6.10.2\msvc2022_64\lib\Qt6QuickDialogs2QuickImpld.prl
2026-03-12 16:56:12,968 - aqt.updater - INFO - updater 34852 Patching c:\qt\6.10.2\msvc2022_64\lib\Qt6QuickDialogs2Utils.prl
2026-03-12 16:56:12,981 - aqt.updater - INFO - updater 34852 Patching c:\qt\6.10.2\msvc2022_64\lib\Qt6QuickDialogs2Utilsd.prl
2026-03-12 16:56:12,993 - aqt.updater - INFO - updater 34852 Patching c:\qt\6.10.2\msvc2022_64\lib\Qt6QuickEffects.prl
2026-03-12 16:56:13,005 - aqt.updater - INFO - updater 34852 Patching c:\qt\6.10.2\msvc2022_64\lib\Qt6QuickEffectsd.prl
2026-03-12 16:56:13,018 - aqt.updater - INFO - updater 34852 Patching c:\qt\6.10.2\msvc2022_64\lib\Qt6QuickLayouts.prl
2026-03-12 16:56:13,030 - aqt.updater - INFO - updater 34852 Patching c:\qt\6.10.2\msvc2022_64\lib\Qt6QuickLayoutsd.prl
2026-03-12 16:56:13,040 - aqt.updater - INFO - updater 34852 Patching c:\qt\6.10.2\msvc2022_64\lib\Qt6QuickParticles.prl
2026-03-12 16:56:13,051 - aqt.updater - INFO - updater 34852 Patching c:\qt\6.10.2\msvc2022_64\lib\Qt6QuickParticlesd.prl
2026-03-12 16:56:13,063 - aqt.updater - INFO - updater 34852 Patching c:\qt\6.10.2\msvc2022_64\lib\Qt6QuickShapes.prl
2026-03-12 16:56:13,076 - aqt.updater - INFO - updater 34852 Patching c:\qt\6.10.2\msvc2022_64\lib\Qt6QuickShapesd.prl
2026-03-12 16:56:13,088 - aqt.updater - INFO - updater 34852 Patching c:\qt\6.10.2\msvc2022_64\lib\Qt6QuickShapesDesignHelpers.prl
2026-03-12 16:56:13,100 - aqt.updater - INFO - updater 34852 Patching c:\qt\6.10.2\msvc2022_64\lib\Qt6QuickShapesDesignHelpersd.prl
2026-03-12 16:56:13,110 - aqt.updater - INFO - updater 34852 Patching c:\qt\6.10.2\msvc2022_64\lib\Qt6QuickTemplates2.prl
2026-03-12 16:56:13,124 - aqt.updater - INFO - updater 34852 Patching c:\qt\6.10.2\msvc2022_64\lib\Qt6QuickTemplates2d.prl
2026-03-12 16:56:13,135 - aqt.updater - INFO - updater 34852 Patching c:\qt\6.10.2\msvc2022_64\lib\Qt6QuickTest.prl
2026-03-12 16:56:13,147 - aqt.updater - INFO - updater 34852 Patching c:\qt\6.10.2\msvc2022_64\lib\Qt6QuickTestd.prl
2026-03-12 16:56:13,155 - aqt.updater - INFO - updater 34852 Patching c:\qt\6.10.2\msvc2022_64\lib\Qt6QuickTestUtils.prl
2026-03-12 16:56:13,173 - aqt.updater - INFO - updater 34852 Patching c:\qt\6.10.2\msvc2022_64\lib\Qt6QuickTestUtilsd.prl
2026-03-12 16:56:13,189 - aqt.updater - INFO - updater 34852 Patching c:\qt\6.10.2\msvc2022_64\lib\Qt6QuickVectorImage.prl
2026-03-12 16:56:13,200 - aqt.updater - INFO - updater 34852 Patching c:\qt\6.10.2\msvc2022_64\lib\Qt6QuickVectorImaged.prl
2026-03-12 16:56:13,214 - aqt.updater - INFO - updater 34852 Patching c:\qt\6.10.2\msvc2022_64\lib\Qt6QuickVectorImageGenerator.prl
2026-03-12 16:56:13,225 - aqt.updater - INFO - updater 34852 Patching c:\qt\6.10.2\msvc2022_64\lib\Qt6QuickVectorImageGeneratord.prl
2026-03-12 16:56:13,239 - aqt.updater - INFO - updater 34852 Patching c:\qt\6.10.2\msvc2022_64\lib\Qt6QuickVectorImageHelpers.prl
2026-03-12 16:56:13,252 - aqt.updater - INFO - updater 34852 Patching c:\qt\6.10.2\msvc2022_64\lib\Qt6QuickVectorImageHelpersd.prl
2026-03-12 16:56:13,263 - aqt.updater - INFO - updater 34852 Patching c:\qt\6.10.2\msvc2022_64\lib\Qt6QuickWidgets.prl
2026-03-12 16:56:13,275 - aqt.updater - INFO - updater 34852 Patching c:\qt\6.10.2\msvc2022_64\lib\Qt6QuickWidgetsd.prl
2026-03-12 16:56:13,289 - aqt.updater - INFO - updater 34852 Patching c:\qt\6.10.2\msvc2022_64\lib\Qt6Sql.prl
2026-03-12 16:56:13,302 - aqt.updater - INFO - updater 34852 Patching c:\qt\6.10.2\msvc2022_64\lib\Qt6Sqld.prl
2026-03-12 16:56:13,309 - aqt.updater - INFO - updater 34852 Patching c:\qt\6.10.2\msvc2022_64\lib\Qt6Svg.prl
2026-03-12 16:56:13,322 - aqt.updater - INFO - updater 34852 Patching c:\qt\6.10.2\msvc2022_64\lib\Qt6Svgd.prl
2026-03-12 16:56:13,337 - aqt.updater - INFO - updater 34852 Patching c:\qt\6.10.2\msvc2022_64\lib\Qt6SvgWidgets.prl
2026-03-12 16:56:13,352 - aqt.updater - INFO - updater 34852 Patching c:\qt\6.10.2\msvc2022_64\lib\Qt6SvgWidgetsd.prl
2026-03-12 16:56:13,364 - aqt.updater - INFO - updater 34852 Patching c:\qt\6.10.2\msvc2022_64\lib\Qt6Test.prl
2026-03-12 16:56:13,376 - aqt.updater - INFO - updater 34852 Patching c:\qt\6.10.2\msvc2022_64\lib\Qt6Testd.prl
2026-03-12 16:56:13,389 - aqt.updater - INFO - updater 34852 Patching c:\qt\6.10.2\msvc2022_64\lib\Qt6UiTools.prl
2026-03-12 16:56:13,404 - aqt.updater - INFO - updater 34852 Patching c:\qt\6.10.2\msvc2022_64\lib\Qt6UiToolsd.prl
2026-03-12 16:56:13,421 - aqt.updater - INFO - updater 34852 Patching c:\qt\6.10.2\msvc2022_64\lib\Qt6Widgets.prl
2026-03-12 16:56:13,430 - aqt.updater - INFO - updater 34852 Patching c:\qt\6.10.2\msvc2022_64\lib\Qt6Widgetsd.prl
2026-03-12 16:56:13,446 - aqt.updater - INFO - updater 34852 Patching c:\qt\6.10.2\msvc2022_64\lib\Qt6Xml.prl
2026-03-12 16:56:13,460 - aqt.updater - INFO - updater 34852 Patching c:\qt\6.10.2\msvc2022_64\lib\Qt6Xmld.prl
2026-03-12 16:56:13,472 - aqt.main - INFO - installer 34852 Finished installation
2026-03-12 16:56:13,472 - aqt.main - INFO - installer 34852 Time elapsed: 48.79243830 second
